<?xml version="1.0" encoding="UTF-8"?>
<testsuite name="db.PupilDBTest" tests="2" skipped="0" failures="0" errors="0" timestamp="2018-04-09T19:51:42" hostname="ChrisPs-Surface" time="2.055">
  <properties/>
  <testcase name="testToplist" classname="db.PupilDBTest" time="1.775"/>
  <testcase name="testaddPupilgetScore" classname="db.PupilDBTest" time="0.28"/>
  <system-out><![CDATA[2 2147483647 >= 530
3 530 >= 520
4 520 >= 123
5 123 >= 111
6 111 >= 99
7 99 >= 77
8 77 >= 29
9 29 >= 20
10 20 >= 14
]]></system-out>
  <system-err><![CDATA[]]></system-err>
</testsuite>
