<?xml version="1.0" encoding="UTF-8"?>
<testsuite name="db.PupilDBTest" tests="2" skipped="0" failures="2" errors="0" timestamp="2018-03-05T11:49:06" hostname="Korti-pc" time="0.748">
  <properties/>
  <testcase name="testToplist" classname="db.PupilDBTest" time="0.718">
    <failure message="org.apache.jena.dboe.DBOpEnvException: No known block type for 0" type="org.apache.jena.dboe.DBOpEnvException">org.apache.jena.dboe.DBOpEnvException: No known block type for 0
	at org.apache.jena.dboe.base.block.BlockType.extract(BlockType.java:66)
	at org.apache.jena.dboe.trans.bplustree.BPTreeNodeMgr.getType(BPTreeNodeMgr.java:133)
	at org.apache.jena.dboe.trans.bplustree.BPTreeNodeMgr.access$100(BPTreeNodeMgr.java:36)
	at org.apache.jena.dboe.trans.bplustree.BPTreeNodeMgr$Block2BPTreeNode.fromBlock(BPTreeNodeMgr.java:101)
	at org.apache.jena.dboe.trans.bplustree.BPTreeNodeMgr$Block2BPTreeNode.fromBlock(BPTreeNodeMgr.java:85)
	at org.apache.jena.dboe.base.page.PageBlockMgr.getRead$(PageBlockMgr.java:116)
	at org.apache.jena.dboe.trans.bplustree.BPTreeNodeMgr.getRead(BPTreeNodeMgr.java:66)
	at org.apache.jena.dboe.trans.bplustree.BPlusTree.getRootRead(BPlusTree.java:161)
	at org.apache.jena.dboe.trans.bplustree.BPlusTree.find(BPlusTree.java:239)
	at org.apache.jena.tdb2.store.nodetable.NodeTableNative.accessIndex(NodeTableNative.java:133)
	at org.apache.jena.tdb2.store.nodetable.NodeTableNative._idForNode(NodeTableNative.java:118)
	at org.apache.jena.tdb2.store.nodetable.NodeTableNative.getNodeIdForNode(NodeTableNative.java:57)
	at org.apache.jena.tdb2.store.nodetable.NodeTableCache._idForNode(NodeTableCache.java:222)
	at org.apache.jena.tdb2.store.nodetable.NodeTableCache.getNodeIdForNode(NodeTableCache.java:114)
	at org.apache.jena.tdb2.store.nodetable.NodeTableWrapper.getNodeIdForNode(NodeTableWrapper.java:47)
	at org.apache.jena.tdb2.store.nodetable.NodeTableInline.getNodeIdForNode(NodeTableInline.java:58)
	at org.apache.jena.tdb2.store.nodetupletable.NodeTupleTableConcrete.idForNode(NodeTupleTableConcrete.java:182)
	at org.apache.jena.tdb2.store.nodetupletable.NodeTupleTableConcrete.findAsNodeIds(NodeTupleTableConcrete.java:136)
	at org.apache.jena.tdb2.store.DatasetGraphTDB._containsGraph(DatasetGraphTDB.java:249)
	at org.apache.jena.tdb2.store.DatasetGraphTDB.containsGraph(DatasetGraphTDB.java:242)
	at org.apache.jena.sparql.graph.GraphUnionRead.lambda$forEachGraph$4(GraphUnionRead.java:105)
	at java.util.stream.ReferencePipeline$2$1.accept(ReferencePipeline.java:174)
	at java.util.HashMap$KeySpliterator.forEachRemaining(HashMap.java:1548)
	at java.util.stream.AbstractPipeline.copyInto(AbstractPipeline.java:481)
	at java.util.stream.AbstractPipeline.wrapAndCopyInto(AbstractPipeline.java:471)
	at java.util.stream.ForEachOps$ForEachOp.evaluateSequential(ForEachOps.java:151)
	at java.util.stream.ForEachOps$ForEachOp$OfRef.evaluateSequential(ForEachOps.java:174)
	at java.util.stream.AbstractPipeline.evaluate(AbstractPipeline.java:234)
	at java.util.stream.ReferencePipeline.forEach(ReferencePipeline.java:418)
	at org.apache.jena.sparql.graph.GraphUnionRead.forEachGraph(GraphUnionRead.java:108)
	at org.apache.jena.sparql.graph.GraphUnionRead.graphBaseFind(GraphUnionRead.java:91)
	at org.apache.jena.graph.impl.GraphBase.find(GraphBase.java:241)
	at org.apache.jena.graph.impl.GraphBase.graphBaseFind(GraphBase.java:258)
	at org.apache.jena.graph.impl.GraphBase.find(GraphBase.java:255)
	at org.apache.jena.graph.impl.WrappedGraph.find(WrappedGraph.java:99)
	at org.apache.jena.sparql.engine.iterator.QueryIterTriplePattern$TripleMapper.&lt;init&gt;(QueryIterTriplePattern.java:75)
	at org.apache.jena.sparql.engine.iterator.QueryIterTriplePattern.nextStage(QueryIterTriplePattern.java:49)
	at org.apache.jena.sparql.engine.iterator.QueryIterRepeatApply.makeNextStage(QueryIterRepeatApply.java:108)
	at org.apache.jena.sparql.engine.iterator.QueryIterRepeatApply.hasNextBinding(QueryIterRepeatApply.java:65)
	at org.apache.jena.sparql.engine.iterator.QueryIteratorBase.hasNext(QueryIteratorBase.java:114)
	at org.apache.jena.sparql.engine.iterator.QueryIterRepeatApply.makeNextStage(QueryIterRepeatApply.java:101)
	at org.apache.jena.sparql.engine.iterator.QueryIterRepeatApply.hasNextBinding(QueryIterRepeatApply.java:65)
	at org.apache.jena.sparql.engine.iterator.QueryIteratorBase.hasNext(QueryIteratorBase.java:114)
	at org.apache.jena.sparql.engine.iterator.QueryIterBlockTriples.hasNextBinding(QueryIterBlockTriples.java:63)
	at org.apache.jena.sparql.engine.iterator.QueryIteratorBase.hasNext(QueryIteratorBase.java:114)
	at org.apache.jena.sparql.engine.iterator.QueryIterTopN$1.initializeIterator(QueryIterTopN.java:98)
	at org.apache.jena.atlas.iterator.IteratorDelayedInitialization.init(IteratorDelayedInitialization.java:40)
	at org.apache.jena.atlas.iterator.IteratorDelayedInitialization.hasNext(IteratorDelayedInitialization.java:50)
	at org.apache.jena.sparql.engine.iterator.QueryIterPlainWrapper.hasNextBinding(QueryIterPlainWrapper.java:53)
	at org.apache.jena.sparql.engine.iterator.QueryIteratorBase.hasNext(QueryIteratorBase.java:114)
	at org.apache.jena.sparql.engine.iterator.QueryIterConvert.hasNextBinding(QueryIterConvert.java:58)
	at org.apache.jena.sparql.engine.iterator.QueryIteratorBase.hasNext(QueryIteratorBase.java:114)
	at org.apache.jena.sparql.engine.iterator.QueryIteratorWrapper.hasNextBinding(QueryIteratorWrapper.java:39)
	at org.apache.jena.sparql.engine.iterator.QueryIteratorBase.hasNext(QueryIteratorBase.java:114)
	at org.apache.jena.sparql.engine.iterator.QueryIteratorWrapper.hasNextBinding(QueryIteratorWrapper.java:39)
	at org.apache.jena.sparql.engine.iterator.QueryIteratorBase.hasNext(QueryIteratorBase.java:114)
	at org.apache.jena.sparql.engine.iterator.QueryIteratorWrapper.hasNextBinding(QueryIteratorWrapper.java:39)
	at org.apache.jena.sparql.engine.iterator.QueryIteratorBase.hasNext(QueryIteratorBase.java:114)
	at org.apache.jena.sparql.engine.ResultSetStream.hasNext(ResultSetStream.java:74)
	at org.apache.jena.sparql.engine.ResultSetCheckCondition.hasNext(ResultSetCheckCondition.java:55)
	at db.PupilDB.getToplist(PupilDB.java:211)
	at db.PupilDBTest.testToplist(PupilDBTest.java:25)
	at sun.reflect.NativeMethodAccessorImpl.invoke0(Native Method)
	at sun.reflect.NativeMethodAccessorImpl.invoke(NativeMethodAccessorImpl.java:62)
	at sun.reflect.DelegatingMethodAccessorImpl.invoke(DelegatingMethodAccessorImpl.java:43)
	at java.lang.reflect.Method.invoke(Method.java:498)
	at org.junit.runners.model.FrameworkMethod$1.runReflectiveCall(FrameworkMethod.java:50)
	at org.junit.internal.runners.model.ReflectiveCallable.run(ReflectiveCallable.java:12)
	at org.junit.runners.model.FrameworkMethod.invokeExplosively(FrameworkMethod.java:47)
	at org.junit.internal.runners.statements.InvokeMethod.evaluate(InvokeMethod.java:17)
	at org.junit.runners.ParentRunner.runLeaf(ParentRunner.java:325)
	at org.junit.runners.BlockJUnit4ClassRunner.runChild(BlockJUnit4ClassRunner.java:78)
	at org.junit.runners.BlockJUnit4ClassRunner.runChild(BlockJUnit4ClassRunner.java:57)
	at org.junit.runners.ParentRunner$3.run(ParentRunner.java:290)
	at org.junit.runners.ParentRunner$1.schedule(ParentRunner.java:71)
	at org.junit.runners.ParentRunner.runChildren(ParentRunner.java:288)
	at org.junit.runners.ParentRunner.access$000(ParentRunner.java:58)
	at org.junit.runners.ParentRunner$2.evaluate(ParentRunner.java:268)
	at org.junit.runners.ParentRunner.run(ParentRunner.java:363)
	at org.gradle.api.internal.tasks.testing.junit.JUnitTestClassExecuter.runTestClass(JUnitTestClassExecuter.java:114)
	at org.gradle.api.internal.tasks.testing.junit.JUnitTestClassExecuter.execute(JUnitTestClassExecuter.java:57)
	at org.gradle.api.internal.tasks.testing.junit.JUnitTestClassProcessor.processTestClass(JUnitTestClassProcessor.java:66)
	at org.gradle.api.internal.tasks.testing.SuiteTestClassProcessor.processTestClass(SuiteTestClassProcessor.java:51)
	at sun.reflect.NativeMethodAccessorImpl.invoke0(Native Method)
	at sun.reflect.NativeMethodAccessorImpl.invoke(NativeMethodAccessorImpl.java:62)
	at sun.reflect.DelegatingMethodAccessorImpl.invoke(DelegatingMethodAccessorImpl.java:43)
	at java.lang.reflect.Method.invoke(Method.java:498)
	at org.gradle.internal.dispatch.ReflectionDispatch.dispatch(ReflectionDispatch.java:35)
	at org.gradle.internal.dispatch.ReflectionDispatch.dispatch(ReflectionDispatch.java:24)
	at org.gradle.internal.dispatch.ContextClassLoaderDispatch.dispatch(ContextClassLoaderDispatch.java:32)
	at org.gradle.internal.dispatch.ProxyDispatchAdapter$DispatchingInvocationHandler.invoke(ProxyDispatchAdapter.java:93)
	at com.sun.proxy.$Proxy1.processTestClass(Unknown Source)
	at org.gradle.api.internal.tasks.testing.worker.TestWorker.processTestClass(TestWorker.java:108)
	at sun.reflect.NativeMethodAccessorImpl.invoke0(Native Method)
	at sun.reflect.NativeMethodAccessorImpl.invoke(NativeMethodAccessorImpl.java:62)
	at sun.reflect.DelegatingMethodAccessorImpl.invoke(DelegatingMethodAccessorImpl.java:43)
	at java.lang.reflect.Method.invoke(Method.java:498)
	at org.gradle.internal.dispatch.ReflectionDispatch.dispatch(ReflectionDispatch.java:35)
	at org.gradle.internal.dispatch.ReflectionDispatch.dispatch(ReflectionDispatch.java:24)
	at org.gradle.internal.remote.internal.hub.MessageHubBackedObjectConnection$DispatchWrapper.dispatch(MessageHubBackedObjectConnection.java:146)
	at org.gradle.internal.remote.internal.hub.MessageHubBackedObjectConnection$DispatchWrapper.dispatch(MessageHubBackedObjectConnection.java:128)
	at org.gradle.internal.remote.internal.hub.MessageHub$Handler.run(MessageHub.java:404)
	at org.gradle.internal.concurrent.ExecutorPolicy$CatchAndRecordFailures.onExecute(ExecutorPolicy.java:63)
	at org.gradle.internal.concurrent.ManagedExecutorImpl$1.run(ManagedExecutorImpl.java:46)
	at java.util.concurrent.ThreadPoolExecutor.runWorker(ThreadPoolExecutor.java:1142)
	at java.util.concurrent.ThreadPoolExecutor$Worker.run(ThreadPoolExecutor.java:617)
	at org.gradle.internal.concurrent.ThreadFactoryImpl$ManagedThreadRunnable.run(ThreadFactoryImpl.java:55)
	at java.lang.Thread.run(Thread.java:748)
</failure>
  </testcase>
  <testcase name="testaddPupilgetScore" classname="db.PupilDBTest" time="0.03">
    <failure message="org.apache.jena.dboe.DBOpEnvException: No known block type for 0" type="org.apache.jena.dboe.DBOpEnvException">org.apache.jena.dboe.DBOpEnvException: No known block type for 0
	at org.apache.jena.dboe.base.block.BlockType.extract(BlockType.java:66)
	at org.apache.jena.dboe.trans.bplustree.BPTreeNodeMgr.getType(BPTreeNodeMgr.java:133)
	at org.apache.jena.dboe.trans.bplustree.BPTreeNodeMgr.access$100(BPTreeNodeMgr.java:36)
	at org.apache.jena.dboe.trans.bplustree.BPTreeNodeMgr$Block2BPTreeNode.fromBlock(BPTreeNodeMgr.java:101)
	at org.apache.jena.dboe.trans.bplustree.BPTreeNodeMgr$Block2BPTreeNode.fromBlock(BPTreeNodeMgr.java:85)
	at org.apache.jena.dboe.base.page.PageBlockMgr.getRead$(PageBlockMgr.java:116)
	at org.apache.jena.dboe.trans.bplustree.BPTreeNodeMgr.getRead(BPTreeNodeMgr.java:66)
	at org.apache.jena.dboe.trans.bplustree.BPlusTree.getRootRead(BPlusTree.java:161)
	at org.apache.jena.dboe.trans.bplustree.BPlusTree.find(BPlusTree.java:239)
	at org.apache.jena.tdb2.store.nodetable.NodeTableNative.accessIndex(NodeTableNative.java:133)
	at org.apache.jena.tdb2.store.nodetable.NodeTableNative._idForNode(NodeTableNative.java:118)
	at org.apache.jena.tdb2.store.nodetable.NodeTableNative.getAllocateNodeId(NodeTableNative.java:61)
	at org.apache.jena.tdb2.store.nodetable.NodeTableCache._idForNode(NodeTableCache.java:220)
	at org.apache.jena.tdb2.store.nodetable.NodeTableCache.getAllocateNodeId(NodeTableCache.java:123)
	at org.apache.jena.tdb2.store.nodetable.NodeTableWrapper.getAllocateNodeId(NodeTableWrapper.java:42)
	at org.apache.jena.tdb2.store.nodetable.NodeTableInline.getAllocateNodeId(NodeTableInline.java:50)
	at org.apache.jena.tdb2.store.nodetupletable.NodeTupleTableConcrete.addRow(NodeTupleTableConcrete.java:76)
	at org.apache.jena.tdb2.store.QuadTable.add(QuadTable.java:57)
	at org.apache.jena.tdb2.store.DatasetGraphTDB.addToNamedGraph(DatasetGraphTDB.java:152)
	at org.apache.jena.sparql.core.DatasetGraphTriplesQuads.add(DatasetGraphTriplesQuads.java:44)
	at org.apache.jena.sparql.core.DatasetGraphTriplesQuads.add(DatasetGraphTriplesQuads.java:31)
	at org.apache.jena.sparql.core.DatasetGraphWrapper.add(DatasetGraphWrapper.java:114)
	at org.apache.jena.sparql.modify.UpdateEngineWorker.addToDatasetGraph(UpdateEngineWorker.java:522)
	at org.apache.jena.sparql.modify.UpdateEngineWorker.visit(UpdateEngineWorker.java:291)
	at org.apache.jena.sparql.modify.request.UpdateDataInsert.visit(UpdateDataInsert.java:27)
	at org.apache.jena.sparql.modify.UpdateVisitorSink.send(UpdateVisitorSink.java:46)
	at org.apache.jena.sparql.modify.UpdateVisitorSink.send(UpdateVisitorSink.java:26)
	at org.apache.jena.atlas.iterator.Iter.sendToSink(Iter.java:546)
	at org.apache.jena.atlas.iterator.Iter.sendToSink(Iter.java:553)
	at org.apache.jena.sparql.modify.UpdateProcessorBase.execute(UpdateProcessorBase.java:59)
	at db.PupilDB.addPupil(PupilDB.java:78)
	at db.PupilDBTest.testaddPupilgetScore(PupilDBTest.java:15)
	at sun.reflect.NativeMethodAccessorImpl.invoke0(Native Method)
	at sun.reflect.NativeMethodAccessorImpl.invoke(NativeMethodAccessorImpl.java:62)
	at sun.reflect.DelegatingMethodAccessorImpl.invoke(DelegatingMethodAccessorImpl.java:43)
	at java.lang.reflect.Method.invoke(Method.java:498)
	at org.junit.runners.model.FrameworkMethod$1.runReflectiveCall(FrameworkMethod.java:50)
	at org.junit.internal.runners.model.ReflectiveCallable.run(ReflectiveCallable.java:12)
	at org.junit.runners.model.FrameworkMethod.invokeExplosively(FrameworkMethod.java:47)
	at org.junit.internal.runners.statements.InvokeMethod.evaluate(InvokeMethod.java:17)
	at org.junit.runners.ParentRunner.runLeaf(ParentRunner.java:325)
	at org.junit.runners.BlockJUnit4ClassRunner.runChild(BlockJUnit4ClassRunner.java:78)
	at org.junit.runners.BlockJUnit4ClassRunner.runChild(BlockJUnit4ClassRunner.java:57)
	at org.junit.runners.ParentRunner$3.run(ParentRunner.java:290)
	at org.junit.runners.ParentRunner$1.schedule(ParentRunner.java:71)
	at org.junit.runners.ParentRunner.runChildren(ParentRunner.java:288)
	at org.junit.runners.ParentRunner.access$000(ParentRunner.java:58)
	at org.junit.runners.ParentRunner$2.evaluate(ParentRunner.java:268)
	at org.junit.runners.ParentRunner.run(ParentRunner.java:363)
	at org.gradle.api.internal.tasks.testing.junit.JUnitTestClassExecuter.runTestClass(JUnitTestClassExecuter.java:114)
	at org.gradle.api.internal.tasks.testing.junit.JUnitTestClassExecuter.execute(JUnitTestClassExecuter.java:57)
	at org.gradle.api.internal.tasks.testing.junit.JUnitTestClassProcessor.processTestClass(JUnitTestClassProcessor.java:66)
	at org.gradle.api.internal.tasks.testing.SuiteTestClassProcessor.processTestClass(SuiteTestClassProcessor.java:51)
	at sun.reflect.NativeMethodAccessorImpl.invoke0(Native Method)
	at sun.reflect.NativeMethodAccessorImpl.invoke(NativeMethodAccessorImpl.java:62)
	at sun.reflect.DelegatingMethodAccessorImpl.invoke(DelegatingMethodAccessorImpl.java:43)
	at java.lang.reflect.Method.invoke(Method.java:498)
	at org.gradle.internal.dispatch.ReflectionDispatch.dispatch(ReflectionDispatch.java:35)
	at org.gradle.internal.dispatch.ReflectionDispatch.dispatch(ReflectionDispatch.java:24)
	at org.gradle.internal.dispatch.ContextClassLoaderDispatch.dispatch(ContextClassLoaderDispatch.java:32)
	at org.gradle.internal.dispatch.ProxyDispatchAdapter$DispatchingInvocationHandler.invoke(ProxyDispatchAdapter.java:93)
	at com.sun.proxy.$Proxy1.processTestClass(Unknown Source)
	at org.gradle.api.internal.tasks.testing.worker.TestWorker.processTestClass(TestWorker.java:108)
	at sun.reflect.NativeMethodAccessorImpl.invoke0(Native Method)
	at sun.reflect.NativeMethodAccessorImpl.invoke(NativeMethodAccessorImpl.java:62)
	at sun.reflect.DelegatingMethodAccessorImpl.invoke(DelegatingMethodAccessorImpl.java:43)
	at java.lang.reflect.Method.invoke(Method.java:498)
	at org.gradle.internal.dispatch.ReflectionDispatch.dispatch(ReflectionDispatch.java:35)
	at org.gradle.internal.dispatch.ReflectionDispatch.dispatch(ReflectionDispatch.java:24)
	at org.gradle.internal.remote.internal.hub.MessageHubBackedObjectConnection$DispatchWrapper.dispatch(MessageHubBackedObjectConnection.java:146)
	at org.gradle.internal.remote.internal.hub.MessageHubBackedObjectConnection$DispatchWrapper.dispatch(MessageHubBackedObjectConnection.java:128)
	at org.gradle.internal.remote.internal.hub.MessageHub$Handler.run(MessageHub.java:404)
	at org.gradle.internal.concurrent.ExecutorPolicy$CatchAndRecordFailures.onExecute(ExecutorPolicy.java:63)
	at org.gradle.internal.concurrent.ManagedExecutorImpl$1.run(ManagedExecutorImpl.java:46)
	at java.util.concurrent.ThreadPoolExecutor.runWorker(ThreadPoolExecutor.java:1142)
	at java.util.concurrent.ThreadPoolExecutor$Worker.run(ThreadPoolExecutor.java:617)
	at org.gradle.internal.concurrent.ThreadFactoryImpl$ManagedThreadRunnable.run(ThreadFactoryImpl.java:55)
	at java.lang.Thread.run(Thread.java:748)
</failure>
  </testcase>
  <system-out><![CDATA[]]></system-out>
  <system-err><![CDATA[SLF4J: Failed to load class "org.slf4j.impl.StaticLoggerBinder".
SLF4J: Defaulting to no-operation (NOP) logger implementation
SLF4J: See http://www.slf4j.org/codes.html#StaticLoggerBinder for further details.
]]></system-err>
</testsuite>
