<?xml version="1.0" encoding="UTF-8"?>
<testsuite name="hg17b.app.OrganizerLogInTest" tests="3" skipped="0" failures="0" errors="0" timestamp="2018-04-16T20:06:44" hostname="ChrisPs-Surface" time="0.006">
  <properties/>
  <testcase name="onBackPressed" classname="hg17b.app.OrganizerLogInTest" time="0.0"/>
  <testcase name="onCreate" classname="hg17b.app.OrganizerLogInTest" time="0.0"/>
  <testcase name="buttonOnClick2" classname="hg17b.app.OrganizerLogInTest" time="0.0"/>
  <system-out><![CDATA[]]></system-out>
  <system-err><![CDATA[]]></system-err>
</testsuite>
