<?xml version="1.0" encoding="UTF-8"?>
<testsuite name="hg17b.app.StartActivityTest" tests="3" skipped="0" failures="0" errors="0" timestamp="2018-04-15T20:02:15" hostname="ChrisPs-Surface" time="0.013">
  <properties/>
  <testcase name="onClick" classname="hg17b.app.StartActivityTest" time="0.011"/>
  <testcase name="onCreate" classname="hg17b.app.StartActivityTest" time="0.0"/>
  <testcase name="setText" classname="hg17b.app.StartActivityTest" time="0.001"/>
  <system-out><![CDATA[]]></system-out>
  <system-err><![CDATA[]]></system-err>
</testsuite>
