<?xml version="1.0" encoding="UTF-8"?>
<testsuite name="hg17b.app.StartActivityTest" tests="3" skipped="0" failures="0" errors="0" timestamp="2018-03-25T15:01:30" hostname="ChrisPs-Surface" time="0.005">
  <properties/>
  <testcase name="onClick" classname="hg17b.app.StartActivityTest" time="0.004"/>
  <testcase name="onCreate" classname="hg17b.app.StartActivityTest" time="0.0"/>
  <testcase name="setText" classname="hg17b.app.StartActivityTest" time="0.0"/>
  <system-out><![CDATA[]]></system-out>
  <system-err><![CDATA[]]></system-err>
</testsuite>
