<?xml version="1.0" encoding="UTF-8"?>
<testsuite name="hg17b.app.SettingsTest" tests="3" skipped="0" failures="0" errors="0" timestamp="2018-03-26T09:39:24" hostname="ChrisPs-Surface" time="0.002">
  <properties/>
  <testcase name="changeTextSize" classname="hg17b.app.SettingsTest" time="0.0"/>
  <testcase name="onCreateView" classname="hg17b.app.SettingsTest" time="0.0"/>
  <testcase name="otherChange" classname="hg17b.app.SettingsTest" time="0.001"/>
  <system-out><![CDATA[]]></system-out>
  <system-err><![CDATA[]]></system-err>
</testsuite>
